* using log directory ‘/Users/fanmin/Documents/70-79 Projects/hdps/..Rcheck’
* using R version 4.5.0 (2025-04-11)
* using platform: aarch64-apple-darwin20
* R was compiled by
    Apple clang version 14.0.0 (clang-1400.0.29.202)
    GNU Fortran (GCC) 14.2.0
* running under: macOS 26.0.1
* using session charset: UTF-8
* using option ‘--no-manual’
* checking for file ‘./DESCRIPTION’ ... OK
* checking extension type ... Package
* this is package ‘hdps’ version ‘0.9.3’
* package encoding: UTF-8
* checking package namespace information ... OK
* checking package dependencies ... OK
* checking if this is a source package ... OK
* checking if there is a namespace ... OK
* checking for executable files ... OK
* checking for hidden files and directories ... NOTE
Found the following hidden files and directories:
  .DS_Store
  .gitignore
  .lintr
  vignettes/.gitignore
  ..Rcheck
  .git
  .git/.gitstatus.OMKyDi
  .github
These were most likely included in error. See section ‘Package
structure’ in the ‘Writing R Extensions’ manual.
* checking for portable file names ... OK
* checking for sufficient/correct file permissions ... OK
* checking whether package ‘hdps’ can be installed ... OK
* checking installed package size ... OK
* checking package directory ... OK
* checking DESCRIPTION meta-information ... NOTE
License components which are templates and need '+ file LICENSE':
  MIT
Checking should be performed on sources prepared by ‘R CMD build’.
* checking top-level files ... OK
* checking for left-over files ... OK
* checking index information ... OK
* checking package subdirectories ... WARNING
Found the following directory with the name of a check directory:
  ./..Rcheck
Most likely, these were included erroneously.
* checking code files for non-ASCII characters ... OK
* checking R files for syntax errors ... OK
* checking whether the package can be loaded ... OK
* checking whether the package can be loaded with stated dependencies ... OK
* checking whether the package can be unloaded cleanly ... OK
* checking whether the namespace can be loaded with stated dependencies ... OK
* checking whether the namespace can be unloaded cleanly ... OK
* checking dependencies in R code ... WARNING
'::' or ':::' import not declared from: ‘plotly’
'loadNamespace' or 'requireNamespace' call not declared from: ‘plotly’
'library' or 'require' call to ‘data.table’ which was already attached by Depends.
  Please remove these calls from your code.
Namespaces in Imports field not imported from:
  ‘stats’ ‘utils’
  All declared Imports should be used.
Packages in Depends field not imported from:
  ‘data.table’ ‘pbapply’
  These packages need to be imported from (in the NAMESPACE file)
  for when this namespace is loaded but not attached.
* checking S3 generic/method consistency ... OK
* checking replacement functions ... OK
* checking foreign function calls ... OK
* checking R code for possible problems ... NOTE
assess_recurrence: no visible global function definition for
  ‘is.data.table’
assess_recurrence: no visible global function definition for
  ‘as.data.table’
assess_recurrence: no visible global function definition for
  ‘data.table’
assess_recurrence: no visible global function definition for ‘setnames’
assess_recurrence: no visible global function definition for ‘:=’
assess_recurrence: no visible binding for global variable ‘pid’
assess_recurrence: no visible global function definition for ‘.’
assess_recurrence: no visible binding for global variable ‘.N’
assess_recurrence: no visible binding for global variable ‘count’
assess_recurrence: no visible global function definition for ‘quantile’
assess_recurrence: no visible binding for global variable ‘Q2’
assess_recurrence: no visible binding for global variable ‘Q1’
assess_recurrence: no visible binding for global variable ‘Q3’
assess_recurrence: no visible binding for global variable ‘once’
assess_recurrence: no visible binding for global variable ‘spor’
assess_recurrence: no visible binding for global variable ‘freq’
assess_recurrence: no visible binding for global variable ‘value’
assess_recurrence: no visible binding for global variable ‘code_type’
assess_recurrence: no visible binding for global variable ‘variable’
assess_recurrence: no visible global function definition for ‘dcast’
estBias: no visible global function definition for ‘setDT’
estBias: no visible global function definition for ‘data.table’
hdps: no visible global function definition for ‘is.data.table’
hdps: no visible global function definition for ‘as.data.table’
hdps: no visible global function definition for ‘.’
hdps: no visible global function definition for ‘:=’
hdps: no visible binding for global variable ‘pid’
hdps: no visible binding for global variable ‘exposure’
hdps: no visible binding for global variable ‘outcome’
hdps_input: no visible global function definition for ‘is.data.table’
hdps_input: no visible global function definition for ‘as.data.table’
hdps_input: no visible global function definition for ‘melt’
hdps_input: no visible global function definition for ‘data.table’
hdps_interactive : server: no visible global function definition for
  ‘hdps_screen’
hdps_interactive : server: no visible binding for global variable
  ‘absLogBias’
hdps_interactive : server : <anonymous>: no visible global function
  definition for ‘write.csv’
identify_candidates: no visible global function definition for
  ‘is.data.table’
identify_candidates: no visible global function definition for
  ‘as.data.table’
identify_candidates: no visible global function definition for
  ‘data.table’
identify_candidates: no visible global function definition for
  ‘setnames’
identify_candidates: no visible global function definition for ‘:=’
identify_candidates: no visible binding for global variable ‘pid’
identify_candidates: no visible global function definition for ‘.’
identify_candidates: no visible global function definition for
  ‘uniqueN’
identify_candidates: no visible binding for global variable
  ‘n_patients’
identify_candidates: no visible binding for global variable
  ‘prevalence_truncated’
plot_bias_distribution: no visible binding for global variable
  ‘absLogBias’
plot_bias_distribution: no visible global function definition for
  ‘reorder’
plot_bias_distribution: no visible binding for global variable ‘code’
plot_bias_vs_prevalence: no visible global function definition for ‘:=’
plot_bias_vs_prevalence: no visible binding for global variable
  ‘prevalence’
plot_bias_vs_prevalence: no visible binding for global variable ‘c1’
plot_bias_vs_prevalence: no visible binding for global variable ‘c0’
plot_bias_vs_prevalence: no visible binding for global variable ‘e1’
plot_bias_vs_prevalence: no visible binding for global variable ‘e0’
plot_bias_vs_prevalence: no visible binding for global variable
  ‘absLogBias’
plot_bias_vs_prevalence: no visible binding for global variable
  ‘ce_strength’
plot_bias_vs_prevalence: no visible binding for global variable
  ‘cd_strength’
plot_covariate_strength: no visible binding for global variable
  ‘ce_strength’
plot_covariate_strength: no visible binding for global variable
  ‘cd_strength’
plot_covariate_strength: no visible binding for global variable
  ‘absLogBias’
prioritize: no visible global function definition for ‘rbindlist’
Undefined global functions or variables:
  := . .N absLogBias as.data.table c0 c1 cd_strength ce_strength code
  code_type count data.table dcast e0 e1 exposure freq hdps_screen
  is.data.table melt n_patients once outcome pid prevalence
  prevalence_truncated Q1 Q2 Q3 quantile rbindlist reorder setDT
  setnames spor uniqueN value variable write.csv
Consider adding
  importFrom("stats", "quantile", "reorder")
  importFrom("utils", "write.csv")
to your NAMESPACE file.
* checking Rd files ... OK
* checking Rd metadata ... OK
* checking Rd cross-references ... OK
* checking for missing documentation entries ... WARNING
Undocumented code objects:
  ‘dx’ ‘hdps’ ‘master’
Undocumented data sets:
  ‘dx’ ‘master’
All user-level objects in a package should have documentation entries.
See chapter ‘Writing R documentation files’ in the ‘Writing R
Extensions’ manual.
* checking for code/documentation mismatches ... WARNING
Codoc mismatches from Rd file 'prioritize.Rd':
prioritize
  Code: function(dt, pid, expo, outc, correction = TRUE, n_cores =
                 NULL, batch_size = 50, progress = TRUE)
  Docs: function(dt, pid, expo, outc, correction = TRUE)
  Argument names in code not in docs:
    n_cores batch_size progress

* checking Rd \usage sections ... OK
* checking Rd contents ... OK
* checking for unstated dependencies in examples ... OK
* checking contents of ‘data’ directory ... WARNING
Files not of a type allowed in a ‘data’ directory:
  ‘dx.Rd’ ‘master.Rd’
Please use e.g. ‘inst/extdata’ for non-R data files

* checking data for non-ASCII characters ... OK
* checking LazyData ... OK
* checking data for ASCII and uncompressed saves ... OK
* checking files in ‘vignettes’ ... WARNING
Files in the 'vignettes' directory but no files in 'inst/doc':
  ‘hdps-tutorial.Rmd’ ‘performance-guide.Rmd’
* checking examples ... NONE
* checking for unstated dependencies in vignettes ... OK
* checking package vignettes ... WARNING
Directory 'inst/doc' does not exist.
Package vignettes without corresponding single PDF/HTML:
  ‘hdps-tutorial.Rmd’
  ‘performance-guide.Rmd’
* checking re-building of vignette outputs ... OK
* DONE
Status: 7 WARNINGs, 3 NOTEs
