[1] "zh_TW.UTF-8/zh_TW.UTF-8/zh_TW.UTF-8/C/zh_TW.UTF-8/en_US.UTF-8"
* installing *source* package ‘hdps’ ...
** this is package ‘hdps’ version ‘0.9.3’
** using staged installation
** R
** data
*** moving datasets to lazyload DB
** inst
** byte-compile and prepare package for lazy loading
[1] "zh_TW.UTF-8/zh_TW.UTF-8/zh_TW.UTF-8/C/zh_TW.UTF-8/en_US.UTF-8"
** help
*** installing help indices
** building package indices
[1] "zh_TW.UTF-8/zh_TW.UTF-8/zh_TW.UTF-8/C/zh_TW.UTF-8/en_US.UTF-8"
** installing vignettes
** testing if installed package can be loaded from temporary location
[1] "zh_TW.UTF-8/zh_TW.UTF-8/zh_TW.UTF-8/C/zh_TW.UTF-8/en_US.UTF-8"
** testing if installed package can be loaded from final location
[1] "zh_TW.UTF-8/zh_TW.UTF-8/zh_TW.UTF-8/C/zh_TW.UTF-8/en_US.UTF-8"
** testing if installed package keeps a record of temporary installation path
* DONE (hdps)
